-------------------------------------------------------------------------------
Test set: br.com.bandtec.mayarafernandes012010583sc2.MayaraFernandes012010583sC2ApplicationTests
-------------------------------------------------------------------------------
Tests run: 1, Failures: 0, Errors: 1, Skipped: 0, Time elapsed: 5.18 s <<< FAILURE! - in br.com.bandtec.mayarafernandes012010583sc2.MayaraFernandes012010583sC2ApplicationTests
contextLoads  Time elapsed: 0.002 s  <<< ERROR!
java.lang.IllegalStateException: Failed to load ApplicationContext
Caused by: org.springframework.beans.factory.BeanCreationException: Error creating bean with name 'entityManagerFactory' defined in class path resource [org/springframework/boot/autoconfigure/orm/jpa/HibernateJpaConfiguration.class]: Invocation of init method failed; nested exception is org.hibernate.AnnotationException: No identifier specified for entity: br.com.bandtec.mayarafernandes012010583sc2.dominio.Lutador
Caused by: org.hibernate.AnnotationException: No identifier specified for entity: br.com.bandtec.mayarafernandes012010583sc2.dominio.Lutador

